<?xml version="1.0" encoding="UTF-8"?>
<!-- Generated by org.testng.reporters.JUnitXMLReporter -->
<testsuite ignored="0" hostname="WINCTRL-6LKGJDA" failures="0" tests="2" name="Test-runner1" time="104.452" errors="0" timestamp="2021-08-24T16:57:47 IST">
  <testcase classname="com.vtiger.comcast.contacttest.CreatContactTest" name="CreatContactCheckCallBoxEnableTest" time="22.432"/>
  <testcase classname="com.vtiger.comcast.contacttest.CreatContactTest" name="CreatContactWithOrgNameAndEraseTest" time="32.904"/>
</testsuite> <!-- Test-runner1 -->
