<?xml version="1.0" encoding="UTF-8"?>
<!-- Generated by org.testng.reporters.JUnitReportReporter -->
<testsuite hostname="WINCTRL-6LKGJDA" failures="0" tests="1" name="sample.Test1" time="0.032" errors="0" timestamp="2021-08-23T16:51:43 IST" skipped="0">
  <testcase classname="sample.Test1" name="Contact" time="0.032"/>
  <system-out/>
</testsuite> <!-- sample.Test1 -->
