<?xml version="1.0" encoding="UTF-8"?>
<!-- Generated by org.testng.reporters.JUnitReportReporter -->
<testsuite hostname="WINCTRL-6LKGJDA" failures="0" tests="3" name="com.vtiger.comcast.contacttest.CreatContactTest" time="127.628" errors="0" timestamp="2021-09-01T11:38:29 IST" skipped="0">
  <testcase classname="com.vtiger.comcast.contacttest.CreatContactTest" name="CreatContactWithOrgNameAndEraseTest" time="46.044"/>
  <system-out/>
  <testcase classname="com.vtiger.comcast.contacttest.CreatContactTest" name="CreatContactWithOutMandatory" time="36.443"/>
  <system-out/>
  <testcase classname="com.vtiger.comcast.contacttest.CreatContactTest" name="CreatContactCheckCallBoxEnableTest" time="45.141"/>
  <system-out/>
</testsuite> <!-- com.vtiger.comcast.contacttest.CreatContactTest -->
