<?xml version="1.0" encoding="UTF-8"?>
<!-- Generated by org.testng.reporters.JUnitReportReporter -->
<testsuite hostname="WINCTRL-6LKGJDA" failures="0" tests="2" name="com.vtiger.comcast.contacttest.CreatContact" time="75.403" errors="0" timestamp="2021-08-24T10:10:16 IST" skipped="0">
  <testcase classname="com.vtiger.comcast.contacttest.CreatContact" name="CreatContactWithOrgNameAndEraseTest" time="42.194"/>
  <system-out/>
  <testcase classname="com.vtiger.comcast.contacttest.CreatContact" name="CreatContactCheckCallBoxEnableTest" time="33.209"/>
  <system-out/>
</testsuite> <!-- com.vtiger.comcast.contacttest.CreatContact -->
