<?xml version="1.0" encoding="UTF-8"?>
<!-- Generated by org.testng.reporters.JUnitReportReporter -->
<testsuite hostname="WINCTRL-6LKGJDA" failures="0" tests="1" name="sample.Demo" time="0.014" errors="0" timestamp="2021-08-19T17:51:26 IST" skipped="0">
  <testcase classname="sample.Demo" name="print" time="0.014"/>
  <system-out/>
</testsuite> <!-- sample.Demo -->
